0 info it worked if it ends with ok
1 verbose cli [ '/home/ubuntu/.nvm/versions/node/v4.4.3/bin/node',
1 verbose cli   '/home/ubuntu/.nvm/versions/node/v4.4.3/bin/npm',
1 verbose cli   'install',
1 verbose cli   '--save',
1 verbose cli   'chart.js@^1.1.1' ]
2 info using npm@2.15.1
3 info using node@v4.4.3
4 verbose install initial load of /home/ubuntu/workspace/package.json
5 warn package.json VotingApp@0.0.0 No repository field.
6 warn package.json VotingApp@0.0.0 No license field.
7 verbose installManyTop reading scoped package data from /home/ubuntu/workspace/node_modules/async/package.json
8 verbose installManyTop reading scoped package data from /home/ubuntu/workspace/node_modules/bcrypt/package.json
9 verbose installManyTop reading scoped package data from /home/ubuntu/workspace/node_modules/body-parser/package.json
10 verbose installManyTop reading scoped package data from /home/ubuntu/workspace/node_modules/browserify/package.json
11 verbose installManyTop reading scoped package data from /home/ubuntu/workspace/node_modules/classnames/package.json
12 verbose installManyTop reading scoped package data from /home/ubuntu/workspace/node_modules/express/package.json
13 verbose installManyTop reading scoped package data from /home/ubuntu/workspace/node_modules/express-session/package.json
14 verbose installManyTop reading scoped package data from /home/ubuntu/workspace/node_modules/flux/package.json
15 verbose installManyTop reading scoped package data from /home/ubuntu/workspace/node_modules/guid/package.json
16 verbose installManyTop reading scoped package data from /home/ubuntu/workspace/node_modules/gulp/package.json
17 verbose installManyTop reading scoped package data from /home/ubuntu/workspace/node_modules/jsonwebtoken/package.json
18 verbose installManyTop reading scoped package data from /home/ubuntu/workspace/node_modules/mongodb/package.json
19 verbose installManyTop reading scoped package data from /home/ubuntu/workspace/node_modules/mongoose/package.json
20 verbose installManyTop reading scoped package data from /home/ubuntu/workspace/node_modules/object-assign/package.json
21 verbose installManyTop reading scoped package data from /home/ubuntu/workspace/node_modules/react/package.json
22 verbose installManyTop reading scoped package data from /home/ubuntu/workspace/node_modules/react-chartjs/package.json
23 verbose installManyTop reading scoped package data from /home/ubuntu/workspace/node_modules/react-dom/package.json
24 verbose installManyTop reading scoped package data from /home/ubuntu/workspace/node_modules/react-router/package.json
25 verbose installManyTop reading scoped package data from /home/ubuntu/workspace/node_modules/react-tap-event-plugin/package.json
26 verbose installManyTop reading scoped package data from /home/ubuntu/workspace/node_modules/reactify/package.json
27 verbose installManyTop reading scoped package data from /home/ubuntu/workspace/node_modules/socket.io/package.json
28 verbose installManyTop reading scoped package data from /home/ubuntu/workspace/node_modules/underscore/package.json
29 verbose installManyTop reading scoped package data from /home/ubuntu/workspace/node_modules/useragent/package.json
30 verbose installManyTop reading scoped package data from /home/ubuntu/workspace/node_modules/vinyl-source-stream/package.json
31 info package.json async@0.2.10 No license field.
32 info package.json guid@0.0.12 No license field.
33 info package.json react-tap-event-plugin@1.0.0 No license field.
34 info package.json socket.io@0.9.17 No license field.
35 info package.json useragent@2.1.9 license should be a valid SPDX license expression
36 verbose readDependencies loading dependencies from /home/ubuntu/workspace/package.json
37 silly cache add args [ 'chart.js@^1.1.1', null ]
38 verbose cache add spec chart.js@^1.1.1
39 silly cache add parsed spec Result {
39 silly cache add   raw: 'chart.js@^1.1.1',
39 silly cache add   scope: null,
39 silly cache add   name: 'chart.js',
39 silly cache add   rawSpec: '^1.1.1',
39 silly cache add   spec: '>=1.1.1 <2.0.0',
39 silly cache add   type: 'range' }
40 silly addNamed chart.js@>=1.1.1 <2.0.0
41 verbose addNamed ">=1.1.1 <2.0.0" is a valid semver range for chart.js
42 silly addNameRange { name: 'chart.js', range: '>=1.1.1 <2.0.0', hasData: false }
43 silly mapToRegistry name chart.js
44 silly mapToRegistry using default registry
45 silly mapToRegistry registry https://registry.npmjs.org/
46 silly mapToRegistry data Result {
46 silly mapToRegistry   raw: 'chart.js',
46 silly mapToRegistry   scope: null,
46 silly mapToRegistry   name: 'chart.js',
46 silly mapToRegistry   rawSpec: '',
46 silly mapToRegistry   spec: 'latest',
46 silly mapToRegistry   type: 'tag' }
47 silly mapToRegistry uri https://registry.npmjs.org/chart.js
48 verbose addNameRange registry:https://registry.npmjs.org/chart.js not in flight; fetching
49 verbose request uri https://registry.npmjs.org/chart.js
50 verbose request no auth needed
51 info attempt registry request try #1 at 2:57:34 AM
52 verbose request id 1303929cab22060e
53 verbose etag "2BJQ3LV36ZAEYEGL5MXYFZFUR"
54 http request GET https://registry.npmjs.org/chart.js
55 http 304 https://registry.npmjs.org/chart.js
56 verbose headers { date: 'Thu, 09 Jun 2016 02:57:35 GMT',
56 verbose headers   via: '1.1 varnish',
56 verbose headers   'cache-control': 'max-age=300',
56 verbose headers   etag: '"2BJQ3LV36ZAEYEGL5MXYFZFUR"',
56 verbose headers   age: '162',
56 verbose headers   connection: 'keep-alive',
56 verbose headers   'x-served-by': 'cache-hkg6821-HKG',
56 verbose headers   'x-cache': 'HIT',
56 verbose headers   'x-cache-hits': '5',
56 verbose headers   'x-timer': 'S1465441055.068786,VS0,VE0',
56 verbose headers   vary: 'Accept-Encoding' }
57 silly get cb [ 304,
57 silly get   { date: 'Thu, 09 Jun 2016 02:57:35 GMT',
57 silly get     via: '1.1 varnish',
57 silly get     'cache-control': 'max-age=300',
57 silly get     etag: '"2BJQ3LV36ZAEYEGL5MXYFZFUR"',
57 silly get     age: '162',
57 silly get     connection: 'keep-alive',
57 silly get     'x-served-by': 'cache-hkg6821-HKG',
57 silly get     'x-cache': 'HIT',
57 silly get     'x-cache-hits': '5',
57 silly get     'x-timer': 'S1465441055.068786,VS0,VE0',
57 silly get     vary: 'Accept-Encoding' } ]
58 verbose etag https://registry.npmjs.org/chart.js from cache
59 verbose get saving chart.js to /home/ubuntu/.npm/registry.npmjs.org/chart.js/.cache.json
60 verbose correctMkdir /home/ubuntu/.npm correctMkdir not in flight; initializing
61 silly addNameRange number 2 { name: 'chart.js', range: '>=1.1.1 <2.0.0', hasData: true }
62 silly addNameRange versions [ 'chart.js',
62 silly addNameRange   [ '1.0.1-beta.2',
62 silly addNameRange     '1.0.1',
62 silly addNameRange     '1.0.2',
62 silly addNameRange     '1.1.0',
62 silly addNameRange     '1.1.1',
62 silly addNameRange     '2.0.0',
62 silly addNameRange     '2.0.1',
62 silly addNameRange     '2.0.2',
62 silly addNameRange     '2.1.0',
62 silly addNameRange     '2.1.1',
62 silly addNameRange     '2.1.2',
62 silly addNameRange     '2.1.3',
62 silly addNameRange     '2.1.4' ] ]
63 silly addNamed chart.js@1.1.1
64 verbose addNamed "1.1.1" is a plain semver version for chart.js
65 silly cache afterAdd chart.js@1.1.1
66 verbose afterAdd /home/ubuntu/.npm/chart.js/1.1.1/package/package.json not in flight; writing
67 verbose correctMkdir /home/ubuntu/.npm correctMkdir not in flight; initializing
68 verbose afterAdd /home/ubuntu/.npm/chart.js/1.1.1/package/package.json written
69 silly install resolved [ { name: 'chart.js',
69 silly install resolved     homepage: 'http://www.chartjs.org',
69 silly install resolved     description: 'Simple HTML5 charts using the canvas element.',
69 silly install resolved     version: '1.1.1',
69 silly install resolved     main: 'Chart.js',
69 silly install resolved     repository:
69 silly install resolved      { type: 'git',
69 silly install resolved        url: 'git+https://github.com/nnnick/Chart.js.git' },
69 silly install resolved     license: 'MIT',
69 silly install resolved     dependences: {},
69 silly install resolved     devDependencies:
69 silly install resolved      { gulp: '3.9.x',
69 silly install resolved        'gulp-concat': '~2.1.x',
69 silly install resolved        'gulp-connect': '~2.0.5',
69 silly install resolved        'gulp-jshint': '~1.5.1',
69 silly install resolved        'gulp-replace': '^0.4.0',
69 silly install resolved        'gulp-size': '~0.4.0',
69 silly install resolved        'gulp-uglify': '~1.5.x',
69 silly install resolved        'gulp-util': '~2.2.x',
69 silly install resolved        'gulp-html-validator': '^0.0.2',
69 silly install resolved        inquirer: '^0.5.1',
69 silly install resolved        semver: '^3.0.1',
69 silly install resolved        'gulp-livereload': '^3.8.0' },
69 silly install resolved     spm: { main: 'Chart.js' },
69 silly install resolved     gitHead: 'a62537a80029cd5a2e230769a652904e2de2d5d4',
69 silly install resolved     bugs: { url: 'https://github.com/nnnick/Chart.js/issues' },
69 silly install resolved     _id: 'chart.js@1.1.1',
69 silly install resolved     scripts: {},
69 silly install resolved     _shasum: 'a9b17054220bd45cbdb176fd6bcb8783ef871a7d',
69 silly install resolved     _from: 'chart.js@>=1.1.1 <2.0.0',
69 silly install resolved     _npmVersion: '3.7.3',
69 silly install resolved     _nodeVersion: '4.2.6',
69 silly install resolved     _npmUser: { name: 'tannerlinsley', email: 'tannerlinsley@gmail.com' },
69 silly install resolved     maintainers: [ [Object], [Object], [Object] ],
69 silly install resolved     dist:
69 silly install resolved      { shasum: 'a9b17054220bd45cbdb176fd6bcb8783ef871a7d',
69 silly install resolved        tarball: 'https://registry.npmjs.org/chart.js/-/chart.js-1.1.1.tgz' },
69 silly install resolved     _npmOperationalInternal:
69 silly install resolved      { host: 'packages-12-west.internal.npmjs.com',
69 silly install resolved        tmp: 'tmp/chart.js-1.1.1.tgz_1459896878690_0.1684930867049843' },
69 silly install resolved     directories: {},
69 silly install resolved     _resolved: 'https://registry.npmjs.org/chart.js/-/chart.js-1.1.1.tgz',
69 silly install resolved     readme: 'ERROR: No README data found!' } ]
70 info install chart.js@1.1.1 into /home/ubuntu/workspace
71 info installOne chart.js@1.1.1
72 verbose installOne of chart.js to /home/ubuntu/workspace not in flight; installing
73 verbose correctMkdir /home/ubuntu/.npm/_locks correctMkdir not in flight; initializing
74 verbose lock using /home/ubuntu/.npm/_locks/chart-js-cc0690bfc4d90255.lock for /home/ubuntu/workspace/node_modules/chart.js
75 silly install write writing chart.js 1.1.1 to /home/ubuntu/workspace/node_modules/chart.js
76 verbose unbuild node_modules/chart.js
77 silly gentlyRm /home/ubuntu/workspace/node_modules/chart.js is being purged from base /home/ubuntu/workspace
78 verbose gentlyRm don't care about contents; nuking /home/ubuntu/workspace/node_modules/chart.js
79 verbose tar unpack /home/ubuntu/.npm/chart.js/1.1.1/package.tgz
80 verbose tar unpacking to /home/ubuntu/workspace/node_modules/chart.js
81 silly gentlyRm /home/ubuntu/workspace/node_modules/chart.js is being purged
82 verbose gentlyRm don't care about contents; nuking /home/ubuntu/workspace/node_modules/chart.js
83 silly gunzTarPerm modes [ '755', '644' ]
84 silly gunzTarPerm extractEntry package.json
85 silly gunzTarPerm extractEntry .npmignore
86 silly gunzTarPerm extractEntry README.md
87 silly gunzTarPerm extractEntry Chart.js
88 silly gunzTarPerm extractEntry Chart.min.js
89 silly gunzTarPerm extractEntry gulpfile.js
90 silly gunzTarPerm extractEntry LICENSE.md
91 silly gunzTarPerm extractEntry CONTRIBUTING.md
92 silly gunzTarPerm extractEntry .eslintignore
93 silly gunzTarPerm extractEntry .eslintrc
94 silly gunzTarPerm extractEntry .codeclimate.yml
95 silly gunzTarPerm extractEntry bower.json
96 silly gunzTarPerm extractEntry composer.json
97 silly gunzTarPerm extractEntry docs/00-Getting-Started.md
98 silly gunzTarPerm extractEntry docs/01-Line-Chart.md
99 silly gunzTarPerm extractEntry docs/02-Bar-Chart.md
100 silly gunzTarPerm extractEntry docs/03-Radar-Chart.md
101 silly gunzTarPerm extractEntry docs/04-Polar-Area-Chart.md
102 silly gunzTarPerm extractEntry docs/05-Pie-Doughnut-Chart.md
103 silly gunzTarPerm extractEntry docs/06-Advanced.md
104 silly gunzTarPerm extractEntry docs/07-Notes.md
105 silly gunzTarPerm extractEntry samples/bar.html
106 silly gunzTarPerm extractEntry samples/doughnut.color.html
107 silly gunzTarPerm extractEntry samples/doughnut.html
108 silly gunzTarPerm extractEntry samples/line-customTooltips.html
109 silly gunzTarPerm extractEntry samples/line.html
110 silly gunzTarPerm extractEntry samples/pie-customTooltips.html
111 silly gunzTarPerm extractEntry samples/pie.html
112 silly gunzTarPerm extractEntry samples/polar-area.html
113 silly gunzTarPerm extractEntry samples/radar.html
114 silly gunzTarPerm extractEntry .travis.yml
115 silly gunzTarPerm extractEntry src/Chart.Bar.js
116 silly gunzTarPerm extractEntry src/Chart.Core.js
117 silly gunzTarPerm extractEntry src/Chart.Doughnut.js
118 silly gunzTarPerm extractEntry src/Chart.Line.js
119 silly gunzTarPerm extractEntry src/Chart.PolarArea.js
120 silly gunzTarPerm extractEntry src/Chart.Radar.js
121 verbose write writing to /home/ubuntu/workspace/node_modules/chart.js/package.json
122 info preinstall chart.js@1.1.1
123 verbose readDependencies loading dependencies from /home/ubuntu/workspace/node_modules/chart.js/package.json
124 verbose readDependencies loading dependencies from /home/ubuntu/workspace/node_modules/chart.js/package.json
125 silly install resolved []
126 verbose about to build /home/ubuntu/workspace/node_modules/chart.js
127 info build /home/ubuntu/workspace/node_modules/chart.js
128 info linkStuff chart.js@1.1.1
129 silly linkStuff chart.js@1.1.1 has /home/ubuntu/workspace/node_modules as its parent node_modules
130 verbose linkBins chart.js@1.1.1
131 verbose linkMans chart.js@1.1.1
132 verbose rebuildBundles chart.js@1.1.1
133 info install chart.js@1.1.1
134 info postinstall chart.js@1.1.1
135 verbose unlock done using /home/ubuntu/.npm/_locks/chart-js-cc0690bfc4d90255.lock for /home/ubuntu/workspace/node_modules/chart.js
136 verbose validateInstall loading /home/ubuntu/workspace/package.json for validation
137 verbose stack Error: The package react@15.0.2 does not satisfy its siblings' peerDependencies requirements!
137 verbose stack     at /home/ubuntu/.nvm/versions/node/v4.4.3/lib/node_modules/npm/lib/install.js:125:32
137 verbose stack     at /home/ubuntu/.nvm/versions/node/v4.4.3/lib/node_modules/npm/lib/install.js:268:7
137 verbose stack     at /home/ubuntu/.nvm/versions/node/v4.4.3/lib/node_modules/npm/node_modules/read-installed/read-installed.js:142:5
137 verbose stack     at /home/ubuntu/.nvm/versions/node/v4.4.3/lib/node_modules/npm/node_modules/read-installed/read-installed.js:263:14
137 verbose stack     at cb (/home/ubuntu/.nvm/versions/node/v4.4.3/lib/node_modules/npm/node_modules/slide/lib/async-map.js:47:24)
137 verbose stack     at /home/ubuntu/.nvm/versions/node/v4.4.3/lib/node_modules/npm/node_modules/read-installed/read-installed.js:263:14
137 verbose stack     at cb (/home/ubuntu/.nvm/versions/node/v4.4.3/lib/node_modules/npm/node_modules/slide/lib/async-map.js:47:24)
137 verbose stack     at /home/ubuntu/.nvm/versions/node/v4.4.3/lib/node_modules/npm/node_modules/read-installed/read-installed.js:263:14
137 verbose stack     at cb (/home/ubuntu/.nvm/versions/node/v4.4.3/lib/node_modules/npm/node_modules/slide/lib/async-map.js:47:24)
137 verbose stack     at /home/ubuntu/.nvm/versions/node/v4.4.3/lib/node_modules/npm/node_modules/read-installed/read-installed.js:263:14
138 verbose cwd /home/ubuntu/workspace
139 error Linux 4.2.0-c9
140 error argv "/home/ubuntu/.nvm/versions/node/v4.4.3/bin/node" "/home/ubuntu/.nvm/versions/node/v4.4.3/bin/npm" "install" "--save" "chart.js@^1.1.1"
141 error node v4.4.3
142 error npm  v2.15.1
143 error code EPEERINVALID
144 error peerinvalid The package react@15.0.2 does not satisfy its siblings' peerDependencies requirements!
144 error peerinvalid Peer react-chartjs@0.7.3 wants react@*
144 error peerinvalid Peer react-dom@15.1.0 wants react@^15.1.0
144 error peerinvalid Peer react-router@2.4.1 wants react@^0.14.0 || ^15.0.0
144 error peerinvalid Peer react-tap-event-plugin@1.0.0 wants react@^15.0.0-0
145 verbose exit [ 1, true ]
